(LimReportRate=10)
Touch count = 1
DOWN id =12, x = 44, y =322, Rate = 1
WM_TOUCH0_FAIL(DOWN id=12 44,322)(Rate=0) Less Than (LimReportRate=10)
Touch count = 1
MOVE id =12, x = 45, y =322, Rate = 2
WM_TOUCH0_FAIL(MOVE id=12 45,322)(Rate=0) Less Than (LimReportRate=10)
Touch count = 2
MOVE id =12, x = 45, y =322, Rate = 3
WM_TOUCH0_FAIL(MOVE id=12 45,322)(Rate=0) Less Than (LimReportRate=10)
DOWN id =13, x = 1243, y =596, Rate = 1
WM_TOUCH1_FAIL(DOWN id=13 1243,596)(Rate=0) Less Than (LimReportRate=10)
Touch count = 3
MOVE id =12, x = 45, y =322, Rate = 4
WM_TOUCH0_FAIL(MOVE id=12 45,322)(Rate=0) Less Than (LimReportRate=10)
MOVE id =13, x = 1243, y =596, Rate = 2
WM_TOUCH1_FAIL(MOVE id=13 1243,596)(Rate=0) Less Than (LimReportRate=10)
DOWN id =14, x = 1846, y =664, Rate = 1
WM_TOUCH2_FAIL(DOWN id=14 1846,664)(Rate=0) Less Than (LimReportRate=10)
Touch count = 4
MOVE id =12, x = 45, y =322, Rate = 5
WM_TOUCH0_FAIL(MOVE id=12 45,322)(Rate=0) Less Than (LimReportRate=10)
MOVE id =13, x = 1243, y =596, Rate = 3
WM_TOUCH1_FAIL(MOVE id=13 1243,596)(Rate=0) Less Than (LimReportRate=10)
MOVE id =14, x = 1846, y =664, Rate = 2
WM_TOUCH2_FAIL(MOVE id=14 1846,664)(Rate=0) Less Than (LimReportRate=10)
DOWN id =15, x = 1453, y =716, Rate = 1
WM_TOUCH3_FAIL(DOWN id=15 1453,716)(Rate=0) Less Than (LimReportRate=10)
Touch count = 5
MOVE id =12, x = 45, y =322, Rate = 6
WM_TOUCH0_FAIL(MOVE id=12 45,322)(Rate=0) Less Than (LimReportRate=10)
MOVE id =13, x = 1243, y =596, Rate = 4
WM_TOUCH1_FAIL(MOVE id=13 1243,596)(Rate=0) Less Than (LimReportRate=10)
MOVE id =14, x = 1846, y =664, Rate = 3
WM_TOUCH2_FAIL(MOVE id=14 1846,664)(Rate=0) Less Than (LimReportRate=10)
MOVE id =15, x = 1453, y =716, Rate = 2
WM_TOUCH3_FAIL(MOVE id=15 1453,716)(Rate=0) Less Than (LimReportRate=10)
DOWN id =16, x = 1629, y =743, Rate = 1
WM_TOUCH4_FAIL(DOWN id=16 1629,743)(Rate=0) Less Than (LimReportRate=10)
Touch count = 5
MOVE id =12, x = 45, y =322, Rate = 7
WM_TOUCH0_FAIL(MOVE id=12 45,322)(Rate=0) Less Than (LimReportRate=10)
MOVE id =13, x = 1242, y =597, Rate = 5
WM_TOUCH1_FAIL(MOVE id=13 1242,597)(Rate=0) Less Than (LimReportRate=10)
MOVE id =14, x = 1845, y =664, Rate = 4
WM_TOUCH2_FAIL(MOVE id=14 1845,664)(Rate=0) Less Than (LimReportRate=10)
MOVE id =15, x = 1454, y =716, Rate = 3
WM_TOUCH3_FAIL(MOVE id=15 1454,716)(Rate=0) Less Than (LimReportRate=10)
MOVE id =16, x = 1628, y =743, Rate = 2
WM_TOUCH4_FAIL(MOVE id=16 1628,743)(Rate=0) Less Than (LimReportRate=10)
Touch count = 5
MOVE id =12, x = 45, y =321, Rate = 8
WM_TOUCH0_FAIL(MOVE id=12 45,321)(Rate=0) Less Than (LimReportRate=10)
MOVE id =13, x = 1242, y =598, Rate = 6
WM_TOUCH1_FAIL(MOVE id=13 1242,598)(Rate=0) Less Than (LimReportRate=10)
MOVE id =14, x = 1844, y =663, Rate = 5
WM_TOUCH2_FAIL(MOVE id=14 1844,663)(Rate=0) Less Than (LimReportRate=10)
MOVE id =15, x = 1454, y =716, Rate = 4
WM_TOUCH3_FAIL(MOVE id=15 1454,716)(Rate=0) Less Than (LimReportRate=10)
MOVE id =16, x = 1628, y =743, Rate = 3
WM_TOUCH4_FAIL(MOVE id=16 1628,743)(Rate=0) Less Than (LimReportRate=10)
Touch count = 5
MOVE id =12, x = 45, y =320, Rate = 9
WM_TOUCH0_FAIL(MOVE id=12 45,320)(Rate=0) Less Than (LimReportRate=10)
MOVE id =13, x = 1242, y =598, Rate = 7
WM_TOUCH1_FAIL(MOVE id=13 1242,598)(Rate=0) Less Than (LimReportRate=10)
MOVE id =14, x = 1844, y =661, Rate = 6
WM_TOUCH2_FAIL(MOVE id=14 1844,661)(Rate=0) Less Than (LimReportRate=10)
MOVE id =15, x = 1455, y =716, Rate = 5
WM_TOUCH3_FAIL(MOVE id=15 1455,716)(Rate=0) Less Than (LimReportRate=10)
MOVE id =16, x = 1628, y =744, Rate = 4
WM_TOUCH4_FAIL(MOVE id=16 1628,744)(Rate=0) Less Than (LimReportRate=10)
Touch count = 6
MOVE id =12, x = 45, y =320, Rate = 10
WM_TOUCH0_FAIL(MOVE id=12 45,320)(Rate=0) Less Than (LimReportRate=10)
MOVE id =13, x = 1242, y =598, Rate = 8
WM_TOUCH1_FAIL(MOVE id=13 1242,598)(Rate=0) Less Than (LimReportRate=10)
MOVE id =14, x = 1844, y =661, Rate = 7
WM_TOUCH2_FAIL(MOVE id=14 1844,661)(Rate=0) Less Than (LimReportRate=10)
MOVE id =15, x = 1455, y =716, Rate = 6
WM_TOUCH3_FAIL(MOVE id=15 1455,716)(Rate=0) Less Than (LimReportRate=10)
MOVE id =16, x = 1628, y =744, Rate = 5
WM_TOUCH4_FAIL(MOVE id=16 1628,744)(Rate=0) Less Than (LimReportRate=10)
DOWN id =17, x = 1919, y =315, Rate = 1
WM_TOUCH5_FAIL(DOWN id=17 1919,315)(Rate=0) Less Than (LimReportRate=10)
Touch count = 6
MOVE id =12, x = 44, y =320, Rate = 11
WM_TOUCH0_FAIL(MOVE id=12 44,320)(Rate=0) Less Than (LimReportRate=10)
MOVE id =13, x = 1242, y =598, Rate = 9
WM_TOUCH1_FAIL(MOVE id=13 1242,598)(Rate=0) Less Than (LimReportRate=10)
MOVE id =14, x = 1844, y =659, Rate = 8
WM_TOUCH2_FAIL(MOVE id=14 1844,659)(Rate=0) Less Than (LimReportRate=10)
MOVE id =15, x = 1455, y =716, Rate = 7
WM_TOUCH3_FAIL(MOVE id=15 1455,716)(Rate=0) Less Than (LimReportRate=10)
MOVE id =16, x = 1628, y =743, Rate = 6
WM_TOUCH4_FAIL(MOVE id=16 1628,743)(Rate=0) Less Than (LimReportRate=10)
MOVE id =17, x = 1919, y =313, Rate = 2
WM_TOUCH5_FAIL(MOVE id=17 1919,313)(Rate=0) Less Than (LimReportRate=10)
Touch count = 6
MOVE id =12, x = 44, y =320, Rate = 12
WM_TOUCH0_FAIL(MOVE id=12 44,320)(Rate=0) Less Than (LimReportRate=10)
MOVE id =13, x = 1243, y =598, Rate = 10
WM_TOUCH1_FAIL(MOVE id=13 1243,598)(Rate=0) Less Than (LimReportRate=10)
MOVE id =14, x = 1844, y =657, Rate = 9
WM_TOUCH2_FAIL(MOVE id=14 1844,657)(Rate=0) Less Than (LimReportRate=10)
MOVE id =15, x = 1455, y =716, Rate = 8
WM_TOUCH3_FAIL(MOVE id=15 1455,716)(Rate=0) Less Than (LimReportRate=10)
MOVE id =16, x = 1629, y =742, Rate = 7
WM_TOUCH4_FAIL(MOVE id=16 1629,742)(Rate=0) Less Than (LimReportRate=10)
MOVE id =17, x = 1919, y =313, Rate = 3
WM_TOUCH5_FAIL(MOVE id=17 1919,313)(Rate=0) Less Than (LimReportRate=10)
Touch count = 6
MOVE id =12, x = 44, y =320, Rate = 13
WM_TOUCH0_FAIL(MOVE id=12 44,320)(Rate=0) Less Than (LimReportRate=10)
MOVE id =13, x = 1243, y =598, Rate = 11
WM_TOUCH1_FAIL(MOVE id=13 1243,598)(Rate=0) Less Than (LimReportRate=10)
MOVE id =14, x = 1844, y =656, Rate = 10
WM_TOUCH2_FAIL(MOVE id=14 1844,656)(Rate=0) Less Than (LimReportRate=10)
MOVE id =15, x = 1455, y =716, Rate = 9
WM_TOUCH3_FAIL(MOVE id=15 1455,716)(Rate=0) Less Than (LimReportRate=10)
MOVE id =16, x = 1629, y =741, Rate = 8
WM_TOUCH4_FAIL(MOVE id=16 1629,741)(Rate=0) Less Than (LimReportRate=10)
MOVE id =17, x = 1919, y =313, Rate = 4
WM_TOUCH5_FAIL(MOVE id=17 1919,313)(Rate=0) Less Than (LimReportRate=10)
Touch count = 6
MOVE id =12, x = 43, y =320, Rate = 14
WM_TOUCH0_FAIL(MOVE id=12 43,320)(Rate=0) Less Than (LimReportRate=10)
MOVE id =13, x = 1243, y =598, Rate = 12
WM_TOUCH1_FAIL(MOVE id=13 1243,598)(Rate=0) Less Than (LimReportRate=10)
MOVE id =14, x = 1844, y =655, Rate = 11
WM_TOUCH2_FAIL(MOVE id=14 1844,655)(Rate=0) Less Than (LimReportRate=10)
MOVE id =15, x = 1455, y =716, Rate = 10
WM_TOUCH3_FAIL(MOVE id=15 1455,716)(Rate=0) Less Than (LimReportRate=10)
MOVE id =16, x = 1630, y =741, Rate = 9
WM_TOUCH4_FAIL(MOVE id=16 1630,741)(Rate=0) Less Than (LimReportRate=10)
MOVE id =17, x = 1919, y =313, Rate = 5
WM_TOUCH5_FAIL(MOVE id=17 1919,313)(Rate=0) Less Than (LimReportRate=10)
Touch count = 6
MOVE id =12, x = 43, y =320, Rate = 15
WM_TOUCH0_FAIL(MOVE id=12 43,320)(Rate=0) Less Than (LimReportRate=10)
MOVE id =13, x = 1244, y =598, Rate = 13
WM_TOUCH1_FAIL(MOVE id=13 1244,598)(Rate=0) Less Than (LimReportRate=10)
MOVE id =14, x = 1844, y =655, Rate = 12
WM_TOUCH2_FAIL(MOVE id=14 1844,655)(Rate=0) Less Than (LimReportRate=10)
MOVE id =15, x = 1455, y =716, Rate = 11
WM_TOUCH3_FAIL(MOVE id=15 1455,716)(Rate=0) Less Than (LimReportRate=10)
MOVE id =16, x = 1630, y =741, Rate = 10
WM_TOUCH4_FAIL(MOVE id=16 1630,741)(Rate=0) Less Than (LimReportRate=10)
MOVE id =17, x = 1919, y =313, Rate = 6
WM_TOUCH5_FAIL(MOVE id=17 1919,313)(Rate=0) Less Than (LimReportRate=10)
Touch count = 7
MOVE id =12, x = 43, y =320, Rate = 16
WM_TOUCH0_FAIL(MOVE id=12 43,320)(Rate=0) Less Than (LimReportRate=10)
MOVE id =13, x = 1244, y =598, Rate = 14
WM_TOUCH1_FAIL(MOVE id=13 1244,598)(Rate=0) Less Than (LimReportRate=10)
MOVE id =14, x = 1844, y =655, Rate = 13
WM_TOUCH2_FAIL(MOVE id=14 1844,655)(Rate=0) Less Than (LimReportRate=10)
MOVE id =15, x = 1455, y =716, Rate = 12
WM_TOUCH3_FAIL(MOVE id=15 1455,716)(Rate=0) Less Than (LimReportRate=10)
MOVE id =16, x = 1630, y =741, Rate = 11
WM_TOUCH4_FAIL(MOVE id=16 1630,741)(Rate=0) Less Than (LimReportRate=10)
MOVE id =17, x = 1919, y =313, Rate = 7
WM_TOUCH5_FAIL(MOVE id=17 1919,313)(Rate=0) Less Than (LimReportRate=10)
DOWN id =18, x = 843, y =313, Rate = 1
WM_TOUCH6_FAIL(DOWN id=18 843,313)(Rate=0) Less Than (LimReportRate=10)
Touch count = 8
MOVE id =12, x = 43, y =320, Rate = 17
WM_TOUCH0_FAIL(MOVE id=12 43,320)(Rate=0) Less Than (LimReportRate=10)
MOVE id =13, x = 1244, y =598, Rate = 15
WM_TOUCH1_FAIL(MOVE id=13 1244,598)(Rate=0) Less Than (LimReportRate=10)
MOVE id =14, x = 1844, y =655, Rate = 14
WM_TOUCH2_FAIL(MOVE id=14 1844,655)(Rate=0) Less Than (LimReportRate=10)
MOVE id =15, x = 1455, y =716, Rate = 13
WM_TOUCH3_FAIL(MOVE id=15 1455,716)(Rate=0) Less Than (LimReportRate=10)
MOVE id =16, x = 1630, y =741, Rate = 12
WM_TOUCH4_FAIL(MOVE id=16 1630,741)(Rate=0) Less Than (LimReportRate=10)
MOVE id =17, x = 1919, y =313, Rate = 8
WM_TOUCH5_FAIL(MOVE id=17 1919,313)(Rate=0) Less Than (LimReportRate=10)
MOVE id =18, x = 843, y =313, Rate = 2
WM_TOUCH6_FAIL(MOVE id=18 843,313)(Rate=0) Less Than (LimReportRate=10)
DOWN id =19, x = 749, y =415, Rate = 1
WM_TOUCH7_FAIL(DOWN id=19 749,415)(Rate=0) Less Than (LimReportRate=10)
Touch count = 8
MOVE id =12, x = 43, y =320, Rate = 18
WM_TOUCH0_FAIL(MOVE id=12 43,320)(Rate=0) Less Than (LimReportRate=10)
MOVE id =13, x = 1244, y =598, Rate = 16
WM_TOUCH1_FAIL(MOVE id=13 1244,598)(Rate=0) Less Than (LimReportRate=10)
MOVE id =14, x = 1844, y =654, Rate = 15
WM_TOUCH2_FAIL(MOVE id=14 1844,654)(Rate=0) Less Than (LimReportRate=10)
MOVE id =15, x = 1455, y =716, Rate = 14
WM_TOUCH3_FAIL(MOVE id=15 1455,716)(Rate=0) Less Than (LimReportRate=10)
MOVE id =16, x = 1630, y =741, Rate = 13
WM_TOUCH4_FAIL(MOVE id=16 1630,741)(Rate=0) Less Than (LimReportRate=10)
MOVE id =17, x = 1919, y =313, Rate = 9
WM_TOUCH5_FAIL(MOVE id=17 1919,313)(Rate=0) Less Than (LimReportRate=10)
MOVE id =18, x = 843, y =315, Rate = 3
WM_TOUCH6_FAIL(MOVE id=18 843,315)(Rate=0) Less Than (LimReportRate=10)
MOVE id =19, x = 749, y =417, Rate = 2
WM_TOUCH7_FAIL(MOVE id=19 749,417)(Rate=0) Less Than (LimReportRate=10)
Touch count = 9
MOVE id =12, x = 43, y =320, Rate = 19
WM_TOUCH0_FAIL(MOVE id=12 43,320)(Rate=0) Less Than (LimReportRate=10)
MOVE id =13, x = 1244, y =598, Rate = 17
WM_TOUCH1_FAIL(MOVE id=13 1244,598)(Rate=0) Less Than (LimReportRate=10)
MOVE id =14, x = 1844, y =654, Rate = 16
WM_TOUCH2_FAIL(MOVE id=14 1844,654)(Rate=0) Less Than (LimReportRate=10)
MOVE id =15, x = 1455, y =716, Rate = 15
WM_TOUCH3_FAIL(MOVE id=15 1455,716)(Rate=0) Less Than (LimReportRate=10)
MOVE id =16, x = 1630, y =741, Rate = 14
WM_TOUCH4_FAIL(MOVE id=16 1630,741)(Rate=0) Less Than (LimReportRate=10)
MOVE id =17, x = 1919, y =313, Rate = 10
WM_TOUCH5_FAIL(MOVE id=17 1919,313)(Rate=0) Less Than (LimReportRate=10)
MOVE id =18, x = 843, y =315, Rate = 4
WM_TOUCH6_FAIL(MOVE id=18 843,315)(Rate=0) Less Than (LimReportRate=10)
MOVE id =19, x = 749, y =417, Rate = 3
WM_TOUCH7_FAIL(MOVE id=19 749,417)(Rate=0) Less Than (LimReportRate=10)
DOWN id =20, x = 231, y =125, Rate = 1
WM_TOUCH8_FAIL(DOWN id=20 231,125)(Rate=0) Less Than (LimReportRate=10)
Touch count = 10
MOVE id =12, x = 43, y =320, Rate = 20
WM_TOUCH0_FAIL(MOVE id=12 43,320)(Rate=0) Less Than (LimReportRate=10)
MOVE id =13, x = 1244, y =598, Rate = 18
WM_TOUCH1_FAIL(MOVE id=13 1244,598)(Rate=0) Less Than (LimReportRate=10)
MOVE id =14, x = 1844, y =654, Rate = 17
WM_TOUCH2_FAIL(MOVE id=14 1844,654)(Rate=0) Less Than (LimReportRate=10)
MOVE id =15, x = 1455, y =716, Rate = 16
WM_TOUCH3_FAIL(MOVE id=15 1455,716)(Rate=0) Less Than (LimReportRate=10)
MOVE id =16, x = 1630, y =741, Rate = 15
WM_TOUCH4_FAIL(MOVE id=16 1630,741)(Rate=0) Less Than (LimReportRate=10)
MOVE id =17, x = 1919, y =313, Rate = 11
WM_TOUCH5_FAIL(MOVE id=17 1919,313)(Rate=0) Less Than (LimReportRate=10)
MOVE id =18, x = 843, y =315, Rate = 5
WM_TOUCH6_FAIL(MOVE id=18 843,315)(Rate=0) Less Than (LimReportRate=10)
MOVE id =19, x = 749, y =417, Rate = 4
WM_TOUCH7_FAIL(MOVE id=19 749,417)(Rate=0) Less Than (LimReportRate=10)
MOVE id =20, x = 231, y =125, Rate = 2
WM_TOUCH8_FAIL(MOVE id=20 231,125)(Rate=0) Less Than (LimReportRate=10)
TestLogs\Touch.bmp
saved bmp
10 Fingers Test Pass
DOWN id =21, x = 585, y =448, Rate = 1
WM_TOUCH9_FAIL(DOWN id=21 585,448)(Rate=0) Less Than (LimReportRate=10)
